# Logfile created on Sun Apr 18 05:41:46 -0400 2010INFO: Mirroring assets from /Users/wolfgang/.gem/ruby/1.8/gems/spree-0.10.2/vendor/extensions/theme_default/public to /public_html/mystore/public
INFO: Mirroring assets from /Users/wolfgang/.gem/ruby/1.8/gems/spree-0.10.2/vendor/extensions/localization/public to /public_html/mystore/public
INFO: Mirroring assets from /Users/wolfgang/.gem/ruby/1.8/gems/spree-0.10.2/vendor/extensions/overview_dashboard/public to /public_html/mystore/public
INFO: Mirroring assets from /Users/wolfgang/.gem/ruby/1.8/gems/spree-0.10.2/vendor/extensions/payment_gateway/public to /public_html/mystore/public
INFO: Mirroring assets from /public_html/mystore/vendor/extensions/ajax_login/public to /public_html/mystore/public
INFO: Mirroring assets from /public_html/mystore/vendor/extensions/blogging_spree/public to /public_html/mystore/public
INFO: Mirroring assets from /public_html/mystore/vendor/extensions/ckeditor/public to /public_html/mystore/public
INFO: Mirroring assets from /public_html/mystore/vendor/extensions/faq/public to /public_html/mystore/public
INFO: Mirroring assets from /public_html/mystore/vendor/extensions/google_base/public to /public_html/mystore/public
INFO: Mirroring assets from /public_html/mystore/vendor/extensions/product_lightbox/public to /public_html/mystore/public
INFO: Mirroring assets from /public_html/mystore/vendor/extensions/promotions/public to /public_html/mystore/public
INFO: Mirroring assets from /public_html/mystore/vendor/extensions/static_content/public to /public_html/mystore/public
INFO: Mirroring assets from /public_html/mystore/vendor/extensions/theme_default/public to /public_html/mystore/public
INFO: Mirroring assets from /public_html/mystore/vendor/extensions/site/public to /public_html/mystore/public
INFO: Loading mail preferences
NOTICE: Mail not enabled
INFO: Loading initializer /public_html/mystore/vendor/extensions/print_invoice/config/initializers/register_pdf_mime.rb
INFO: Loading initializer /public_html/mystore/vendor/extensions/site/config/initializers/session_store.rb
INFO: Loading routes from /Users/wolfgang/.gem/ruby/1.8/gems/spree-0.10.2/vendor/extensions/api/config/routes.rb
INFO: Loading routes from /Users/wolfgang/.gem/ruby/1.8/gems/spree-0.10.2/vendor/extensions/localization/config/routes.rb
INFO: Loading routes from /Users/wolfgang/.gem/ruby/1.8/gems/spree-0.10.2/vendor/extensions/overview_dashboard/config/routes.rb
INFO: Loading routes from /Users/wolfgang/.gem/ruby/1.8/gems/spree-0.10.2/vendor/extensions/payment_gateway/config/routes.rb
INFO: Loading routes from /public_html/mystore/vendor/extensions/ajax_login/config/routes.rb
INFO: Loading routes from /public_html/mystore/vendor/extensions/blogging_spree/config/routes.rb
INFO: Loading routes from /public_html/mystore/vendor/extensions/ckeditor/config/routes.rb
INFO: Loading routes from /public_html/mystore/vendor/extensions/faq/config/routes.rb
INFO: Loading routes from /public_html/mystore/vendor/extensions/google_base/config/routes.rb
INFO: Loading routes from /public_html/mystore/vendor/extensions/homepager/config/routes.rb
INFO: Loading routes from /public_html/mystore/vendor/extensions/movies/config/routes.rb
INFO: Loading routes from /public_html/mystore/vendor/extensions/print_invoice/config/routes.rb
INFO: Loading routes from /public_html/mystore/vendor/extensions/product_lightbox/config/routes.rb
INFO: Loading routes from /public_html/mystore/vendor/extensions/promotions/config/routes.rb
INFO: Loading routes from /public_html/mystore/vendor/extensions/static_content/config/routes.rb
INFO: Loading routes from /public_html/mystore/vendor/extensions/subscription_manager/config/routes.rb
INFO: Loading routes from /public_html/mystore/vendor/extensions/site/config/routes.rb


Processing ProductsController#show (for 127.0.0.1 at 2010-04-18 05:42:03) [GET]
  Parameters: {"action"=>"show", "id"=>"ruby-on-rails-tote", "controller"=>"products"}
Rendering template within layouts/spree_application
Rendering products/show
Completed in 927ms (View: 793, DB: 39) | 200 OK [http://spree.local/products/ruby-on-rails-tote]
INFO: Mirroring assets from /Users/wolfgang/.gem/ruby/1.8/gems/spree-0.10.2/vendor/extensions/theme_default/public to /public_html/mystore/public
INFO: Mirroring assets from /Users/wolfgang/.gem/ruby/1.8/gems/spree-0.10.2/vendor/extensions/localization/public to /public_html/mystore/public
INFO: Mirroring assets from /Users/wolfgang/.gem/ruby/1.8/gems/spree-0.10.2/vendor/extensions/overview_dashboard/public to /public_html/mystore/public
INFO: Mirroring assets from /Users/wolfgang/.gem/ruby/1.8/gems/spree-0.10.2/vendor/extensions/payment_gateway/public to /public_html/mystore/public
INFO: Mirroring assets from /public_html/mystore/vendor/extensions/ajax_login/public to /public_html/mystore/public
INFO: Mirroring assets from /public_html/mystore/vendor/extensions/blogging_spree/public to /public_html/mystore/public
INFO: Mirroring assets from /public_html/mystore/vendor/extensions/ckeditor/public to /public_html/mystore/public
INFO: Mirroring assets from /public_html/mystore/vendor/extensions/faq/public to /public_html/mystore/public
INFO: Mirroring assets from /public_html/mystore/vendor/extensions/google_base/public to /public_html/mystore/public
INFO: Mirroring assets from /public_html/mystore/vendor/extensions/product_lightbox/public to /public_html/mystore/public
INFO: Mirroring assets from /public_html/mystore/vendor/extensions/promotions/public to /public_html/mystore/public
INFO: Mirroring assets from /public_html/mystore/vendor/extensions/static_content/public to /public_html/mystore/public
INFO: Mirroring assets from /public_html/mystore/vendor/extensions/theme_default/public to /public_html/mystore/public
INFO: Mirroring assets from /public_html/mystore/vendor/extensions/site/public to /public_html/mystore/public
INFO: Loading mail preferences
NOTICE: Mail not enabled
INFO: Loading initializer /public_html/mystore/vendor/extensions/print_invoice/config/initializers/register_pdf_mime.rb
INFO: Loading initializer /public_html/mystore/vendor/extensions/site/config/initializers/session_store.rb
INFO: Loading routes from /Users/wolfgang/.gem/ruby/1.8/gems/spree-0.10.2/vendor/extensions/api/config/routes.rb
INFO: Loading routes from /Users/wolfgang/.gem/ruby/1.8/gems/spree-0.10.2/vendor/extensions/localization/config/routes.rb
INFO: Loading routes from /Users/wolfgang/.gem/ruby/1.8/gems/spree-0.10.2/vendor/extensions/overview_dashboard/config/routes.rb
INFO: Loading routes from /Users/wolfgang/.gem/ruby/1.8/gems/spree-0.10.2/vendor/extensions/payment_gateway/config/routes.rb
INFO: Loading routes from /public_html/mystore/vendor/extensions/ajax_login/config/routes.rb
INFO: Loading routes from /public_html/mystore/vendor/extensions/blogging_spree/config/routes.rb
INFO: Loading routes from /public_html/mystore/vendor/extensions/ckeditor/config/routes.rb
INFO: Loading routes from /public_html/mystore/vendor/extensions/faq/config/routes.rb
INFO: Loading routes from /public_html/mystore/vendor/extensions/google_base/config/routes.rb
INFO: Loading routes from /public_html/mystore/vendor/extensions/homepager/config/routes.rb
INFO: Loading routes from /public_html/mystore/vendor/extensions/movies/config/routes.rb
INFO: Loading routes from /public_html/mystore/vendor/extensions/print_invoice/config/routes.rb
INFO: Loading routes from /public_html/mystore/vendor/extensions/product_lightbox/config/routes.rb
INFO: Loading routes from /public_html/mystore/vendor/extensions/promotions/config/routes.rb
INFO: Loading routes from /public_html/mystore/vendor/extensions/static_content/config/routes.rb
INFO: Loading routes from /public_html/mystore/vendor/extensions/subscription_manager/config/routes.rb
INFO: Loading routes from /public_html/mystore/vendor/extensions/site/config/routes.rb


Processing ProductsController#show (for 127.0.0.1 at 2010-04-18 08:12:25) [GET]
  Parameters: {"action"=>"show", "id"=>"ruby-on-rails-tote", "controller"=>"products"}
Rendering template within layouts/spree_application
Rendering products/show
Completed in 902ms (View: 781, DB: 35) | 200 OK [http://spree.local/products/ruby-on-rails-tote]
INFO: Mirroring assets from /public_html/mystore/vendor/spree/vendor/extensions/localization/public to /public_html/mystore/public
INFO: Mirroring assets from /public_html/mystore/vendor/spree/vendor/extensions/theme_default/public to /public_html/mystore/public
INFO: Mirroring assets from /public_html/mystore/vendor/spree/vendor/extensions/overview_dashboard/public to /public_html/mystore/public
INFO: Mirroring assets from /public_html/mystore/vendor/spree/vendor/extensions/payment_gateway/public to /public_html/mystore/public
INFO: Mirroring assets from /public_html/mystore/vendor/extensions/ajax_login/public to /public_html/mystore/public
INFO: Mirroring assets from /public_html/mystore/vendor/extensions/blogging_spree/public to /public_html/mystore/public
INFO: Mirroring assets from /public_html/mystore/vendor/extensions/ckeditor/public to /public_html/mystore/public
INFO: Mirroring assets from /public_html/mystore/vendor/extensions/faq/public to /public_html/mystore/public
INFO: Mirroring assets from /public_html/mystore/vendor/extensions/google_base/public to /public_html/mystore/public
INFO: Mirroring assets from /public_html/mystore/vendor/extensions/product_lightbox/public to /public_html/mystore/public
INFO: Mirroring assets from /public_html/mystore/vendor/extensions/promotions/public to /public_html/mystore/public
INFO: Mirroring assets from /public_html/mystore/vendor/extensions/site/public to /public_html/mystore/public
INFO: Mirroring assets from /public_html/mystore/vendor/extensions/static_content/public to /public_html/mystore/public
INFO: Mirroring assets from /public_html/mystore/vendor/extensions/theme_default/public to /public_html/mystore/public
INFO: Loading mail preferences
NOTICE: Mail not enabled
INFO: Loading initializer /public_html/mystore/vendor/extensions/print_invoice/config/initializers/register_pdf_mime.rb
INFO: Loading initializer /public_html/mystore/vendor/extensions/site/config/initializers/session_store.rb
INFO: Loading routes from /public_html/mystore/vendor/spree/vendor/extensions/localization/config/routes.rb
INFO: Loading routes from /public_html/mystore/vendor/spree/vendor/extensions/api/config/routes.rb
INFO: Loading routes from /public_html/mystore/vendor/spree/vendor/extensions/overview_dashboard/config/routes.rb
INFO: Loading routes from /public_html/mystore/vendor/spree/vendor/extensions/payment_gateway/config/routes.rb
INFO: Loading routes from /public_html/mystore/vendor/extensions/ajax_login/config/routes.rb
INFO: Loading routes from /public_html/mystore/vendor/extensions/blogging_spree/config/routes.rb
INFO: Loading routes from /public_html/mystore/vendor/extensions/ckeditor/config/routes.rb
INFO: Loading routes from /public_html/mystore/vendor/extensions/faq/config/routes.rb
INFO: Loading routes from /public_html/mystore/vendor/extensions/google_base/config/routes.rb
INFO: Loading routes from /public_html/mystore/vendor/extensions/homepager/config/routes.rb
INFO: Loading routes from /public_html/mystore/vendor/extensions/movies/config/routes.rb
INFO: Loading routes from /public_html/mystore/vendor/extensions/print_invoice/config/routes.rb
INFO: Loading routes from /public_html/mystore/vendor/extensions/product_lightbox/config/routes.rb
INFO: Loading routes from /public_html/mystore/vendor/extensions/promotions/config/routes.rb
INFO: Loading routes from /public_html/mystore/vendor/extensions/site/config/routes.rb
INFO: Loading routes from /public_html/mystore/vendor/extensions/static_content/config/routes.rb
INFO: Loading routes from /public_html/mystore/vendor/extensions/subscription_manager/config/routes.rb


Processing HomeController#index (for 127.0.0.1 at 2010-04-18 21:21:12) [GET]
  Parameters: {"action"=>"index", "controller"=>"home"}
Rendering template within layouts/spree_application
Rendering home/index
Completed in 2797ms (View: 480, DB: 53) | 200 OK [http://spree.local/]
